<?xml version="1.0" encoding="UTF-8"?>
<!-- Generated by org.testng.reporters.JUnitReportReporter -->
<testsuite hostname="Naveen-HPLaptop" failures="0" tests="3" name="testCases.TC002_AccountLoginTest" time="21.824" errors="0" timestamp="2024-12-04T19:07:39 IST" skipped="0">
  <testcase classname="testCases.TC002_AccountLoginTest" name="validateAccountLogin" time="6.566"/>
  <testcase classname="testCases.TC002_AccountLoginTest" name="validateAccountLogin" time="5.837"/>
  <testcase classname="testCases.TC002_AccountLoginTest" name="validateAccountLogin" time="9.421"/>
</testsuite> <!-- testCases.TC002_AccountLoginTest -->
