<?xml version="1.0" encoding="UTF-8"?>
<!-- Generated by org.testng.reporters.JUnitReportReporter -->
<testsuite hostname="Naveen-HPLaptop" failures="0" tests="1" name="testCases.TC002_AccountLoginTest" time="4.101" errors="0" timestamp="2024-12-04T19:33:04 IST" skipped="0">
  <testcase classname="testCases.TC002_AccountLoginTest" name="validateAccountLogin" time="4.101"/>
</testsuite> <!-- testCases.TC002_AccountLoginTest -->
